<?xml version="1.0" encoding="UTF-8"?>
<!-- Generated by org.testng.reporters.JUnitReportReporter -->
<testsuite hostname="Hassan" name="tst.first" tests="1" failures="0" timestamp="21 Sep 2017 11:15:25 GMT" time="9.663" errors="0">
  <testcase name="chk" time="9.663" classname="tst.first"/>
</testsuite> <!-- tst.first -->
